2018-08-02T16:58:26.391+0800 I CONTROL  [initandlisten] MongoDB starting : pid=36057 port=27017 dbpath=/Users/brent_shu/Documents/mongoData/db 64-bit host=IntSig-PC0493.local
2018-08-02T16:58:26.392+0800 I CONTROL  [initandlisten] db version v3.6.4
2018-08-02T16:58:26.392+0800 I CONTROL  [initandlisten] git version: d0181a711f7e7f39e60b5aeb1dc7097bf6ae5856
2018-08-02T16:58:26.392+0800 I CONTROL  [initandlisten] OpenSSL version: OpenSSL 1.0.2o  27 Mar 2018
2018-08-02T16:58:26.392+0800 I CONTROL  [initandlisten] allocator: system
2018-08-02T16:58:26.392+0800 I CONTROL  [initandlisten] modules: none
2018-08-02T16:58:26.392+0800 I CONTROL  [initandlisten] build environment:
2018-08-02T16:58:26.392+0800 I CONTROL  [initandlisten]     distarch: x86_64
2018-08-02T16:58:26.392+0800 I CONTROL  [initandlisten]     target_arch: x86_64
2018-08-02T16:58:26.392+0800 I CONTROL  [initandlisten] options: { storage: { dbPath: "/Users/brent_shu/Documents/mongoData/db" } }
2018-08-02T16:58:26.393+0800 I STORAGE  [initandlisten] wiredtiger_open config: create,cache_size=3584M,session_max=20000,eviction=(threads_min=4,threads_max=4),config_base=false,statistics=(fast),cache_cursors=false,log=(enabled=true,archive=true,path=journal,compressor=snappy),file_manager=(close_idle_time=100000),statistics_log=(wait=0),verbose=(recovery_progress),
2018-08-02T16:58:27.501+0800 I STORAGE  [initandlisten] WiredTiger message [1533200307:501192][36057:0x7fff9f9733c0], txn-recover: Set global recovery timestamp: 0
2018-08-02T16:58:27.846+0800 I CONTROL  [initandlisten] 
2018-08-02T16:58:27.846+0800 I CONTROL  [initandlisten] ** WARNING: Access control is not enabled for the database.
2018-08-02T16:58:27.846+0800 I CONTROL  [initandlisten] **          Read and write access to data and configuration is unrestricted.
2018-08-02T16:58:27.846+0800 I CONTROL  [initandlisten] 
2018-08-02T16:58:27.846+0800 I CONTROL  [initandlisten] ** WARNING: This server is bound to localhost.
2018-08-02T16:58:27.846+0800 I CONTROL  [initandlisten] **          Remote systems will be unable to connect to this server. 
2018-08-02T16:58:27.846+0800 I CONTROL  [initandlisten] **          Start the server with --bind_ip <address> to specify which IP 
2018-08-02T16:58:27.846+0800 I CONTROL  [initandlisten] **          addresses it should serve responses from, or with --bind_ip_all to
2018-08-02T16:58:27.846+0800 I CONTROL  [initandlisten] **          bind to all interfaces. If this behavior is desired, start the
2018-08-02T16:58:27.846+0800 I CONTROL  [initandlisten] **          server with --bind_ip 127.0.0.1 to disable this warning.
2018-08-02T16:58:27.846+0800 I CONTROL  [initandlisten] 
2018-08-02T16:58:27.846+0800 I CONTROL  [initandlisten] 
2018-08-02T16:58:27.846+0800 I CONTROL  [initandlisten] ** WARNING: soft rlimits too low. Number of files is 256, should be at least 1000
2018-08-02T16:58:27.898+0800 I STORAGE  [initandlisten] createCollection: admin.system.version with provided UUID: 1126edc1-9bc3-4ee0-8468-b0935d783403
2018-08-02T16:58:28.049+0800 I COMMAND  [initandlisten] setting featureCompatibilityVersion to 3.6
2018-08-02T16:58:28.060+0800 I STORAGE  [initandlisten] createCollection: local.startup_log with generated UUID: 08693db8-3e46-44a4-909d-fc2f1d1cd775
2018-08-02T16:58:28.318+0800 I FTDC     [initandlisten] Initializing full-time diagnostic data capture with directory '/Users/brent_shu/Documents/mongoData/db/diagnostic.data'
2018-08-02T16:58:28.320+0800 I NETWORK  [initandlisten] waiting for connections on port 27017
2018-08-02T16:58:35.090+0800 I NETWORK  [listener] connection accepted from 127.0.0.1:62050 #1 (1 connection now open)
2018-08-02T16:58:35.097+0800 I NETWORK  [conn1] received client metadata from 127.0.0.1:62050 conn1: { driver: { name: "mgo", version: "globalsign" }, os: { type: "darwin", architecture: "amd64" } }
2018-08-02T17:00:23.093+0800 I STORAGE  [conn1] createCollection: database.issue with generated UUID: 4bd92a9e-17be-4e74-906e-19c63369e53d
2018-08-02T17:00:23.151+0800 I STORAGE  [conn1] createCollection: database.anrReport with generated UUID: 3d155898-4c60-4c02-8ea3-3d8e450d9e03
2018-08-02T17:03:28.323+0800 I STORAGE  [thread2] createCollection: config.system.sessions with generated UUID: dc019a88-0628-46b8-9316-b5a8b0411d6c
2018-08-02T17:03:28.406+0800 I INDEX    [thread2] build index on: config.system.sessions properties: { v: 2, key: { lastUse: 1 }, name: "lsidTTLIndex", ns: "config.system.sessions", expireAfterSeconds: 1800 }
2018-08-02T17:03:28.406+0800 I INDEX    [thread2] 	 building index using bulk method; build may temporarily use up to 500 megabytes of RAM
2018-08-02T17:03:28.421+0800 I INDEX    [thread2] build index done.  scanned 0 total records. 0 secs
2018-08-02T17:03:28.422+0800 I COMMAND  [thread2] command config.$cmd command: createIndexes { createIndexes: "system.sessions", indexes: [ { key: { lastUse: 1 }, name: "lsidTTLIndex", expireAfterSeconds: 1800 } ], $db: "config" } numYields:0 reslen:98 locks:{ Global: { acquireCount: { r: 1, w: 1 } }, Database: { acquireCount: { W: 1 } }, Collection: { acquireCount: { w: 1 } } } protocol:op_msg 100ms
2018-08-02T17:11:42.528+0800 I NETWORK  [conn1] end connection 127.0.0.1:62050 (0 connections now open)
2018-08-02T17:30:39.621+0800 E STORAGE  [thread3] WiredTiger error (2) [1533202239:621777][36057:0x70000d43e000], log-server: /Users/brent_shu/Documents/mongoData/db/journal: directory-list: opendir: No such file or directory
2018-08-02T17:30:39.622+0800 E STORAGE  [thread3] WiredTiger error (2) [1533202239:622019][36057:0x70000d43e000], log-server: log pre-alloc server error: No such file or directory
2018-08-02T17:30:39.622+0800 E STORAGE  [thread3] WiredTiger error (2) [1533202239:622039][36057:0x70000d43e000], log-server: log server error: No such file or directory
2018-08-02T17:30:39.622+0800 E STORAGE  [thread3] WiredTiger error (-31804) [1533202239:622050][36057:0x70000d43e000], log-server: the process must exit and restart: WT_PANIC: WiredTiger library panic
2018-08-02T17:30:39.622+0800 F -        [thread3] Fatal Assertion 28558 at src/mongo/db/storage/wiredtiger/wiredtiger_util.cpp 361
2018-08-02T17:30:39.622+0800 F -        [thread3] 

***aborting after fassert() failure


2018-08-02T17:30:39.627+0800 F -        [thread3] Got signal: 6 (Abort trap: 6).

 0x10a52ba89 0x10a52b36d 0x7fff96c69b3a 0x7fff9f9546b0 0x7fff96aee420 0x10a521d9b 0x108efe03b 0x10900a31c 0x109009d63 0x10900aae6 0x108f63699 0x7fff96c7393b 0x7fff96c73887 0x7fff96c7308d
----- BEGIN BACKTRACE -----
{"backtrace":[{"b":"108E98000","o":"1693A89","s":"_ZN5mongo15printStackTraceERNSt3__113basic_ostreamIcNS0_11char_traitsIcEEEE"},{"b":"108E98000","o":"169336D","s":"_ZN5mongo12_GLOBAL__N_110abruptQuitEi"},{"b":"7FFF96C67000","o":"2B3A","s":"_sigtramp"},{"b":"7FFF96A8F000","o":"8EC56B0","s":"_C_time_locale"},{"b":"7FFF96A8F000","o":"5F420","s":"abort"},{"b":"108E98000","o":"1689D9B","s":"_ZN5mongo25fassertFailedWithLocationEiPKcj"},{"b":"108E98000","o":"6603B","s":"_ZN5mongo12_GLOBAL__N_116mdb_handle_errorEP18__wt_event_handlerP12__wt_sessioniPKc"},{"b":"108E98000","o":"17231C","s":"__eventv"},{"b":"108E98000","o":"171D63","s":"__wt_err"},{"b":"108E98000","o":"172AE6","s":"__wt_panic"},{"b":"108E98000","o":"CB699","s":"__log_server"},{"b":"7FFF96C70000","o":"393B","s":"_pthread_body"},{"b":"7FFF96C70000","o":"3887","s":"_pthread_body"},{"b":"7FFF96C70000","o":"308D","s":"thread_start"}],"processInfo":{ "mongodbVersion" : "3.6.4", "gitVersion" : "d0181a711f7e7f39e60b5aeb1dc7097bf6ae5856", "compiledModules" : [], "uname" : { "sysname" : "Darwin", "release" : "16.7.0", "version" : "Darwin Kernel Version 16.7.0: Wed Oct  4 00:17:00 PDT 2017; root:xnu-3789.71.6~1/RELEASE_X86_64", "machine" : "x86_64" }, "somap" : [ { "path" : "/usr/local/bin/mongod", "machType" : 2, "b" : "108E98000", "vmaddr" : "100000000", "buildId" : "A806BFAAFE8E3E14B3DED833DDAF65B8" }, { "path" : "/usr/lib/libresolv.9.dylib", "machType" : 6, "b" : "7FFF96587000", "vmaddr" : "7FFF8A6BD000", "buildId" : "A244AE4C00B0396C98FF97FE4DB3DA30" }, { "path" : "/usr/local/opt/openssl/lib/libssl.1.0.0.dylib", "machType" : 6, "b" : "10C6CC000", "vmaddr" : "0", "buildId" : "877B9435C0CB3AD29DB63D6FBC5B5CC2" }, { "path" : "/usr/local/opt/openssl/lib/libcrypto.1.0.0.dylib", "machType" : 6, "b" : "10C72D000", "vmaddr" : "0", "buildId" : "7206F3BE315E32FC99233B6F38AF706C" }, { "path" : "/usr/lib/libSystem.B.dylib", "machType" : 6, "b" : "7FFF954B0000", "vmaddr" : "7FFF895E6000", "buildId" : "838E181DC87F3C8CA6D9FF80B2D05BEB" }, { "path" : "/System/Library/Frameworks/CoreFoundation.framework/Versions/A/CoreFoundation", "machType" : 6, "b" : "7FFF81243000", "vmaddr" : "7FFF75379000", "buildId" : "09ED473E5DE8307FB55C16F6419236D5" }, { "path" : "/System/Library/Frameworks/Security.framework/Versions/A/Security", "machType" : 6, "b" : "7FFF87551000", "vmaddr" : "7FFF7B687000", "buildId" : "229EDBC0997C3CFBA6AAA5AC41C98DE1" }, { "path" : "/usr/lib/libc++.1.dylib", "machType" : 6, "b" : "7FFF955EA000", "vmaddr" : "7FFF89720000", "buildId" : "0B43BB5DE6EB34648DE9B41AC8ED9D1C" }, { "path" : "/usr/lib/system/libcache.dylib", "machType" : 6, "b" : "7FFF9697E000", "vmaddr" : "7FFF8AAB4000", "buildId" : "093A4DAB83853D47A350E20CB7CCF7BF" }, { "path" : "/usr/lib/system/libcommonCrypto.dylib", "machType" : 6, "b" : "7FFF96983000", "vmaddr" : "7FFF8AAB9000", "buildId" : "8A64D1B0C70E385C92F0E669079FDA90" }, { "path" : "/usr/lib/system/libcompiler_rt.dylib", "machType" : 6, "b" : "7FFF9698E000", "vmaddr" : "7FFF8AAC4000", "buildId" : "55D47421772A32ABB5291A46C2F43B4D" }, { "path" : "/usr/lib/system/libcopyfile.dylib", "machType" : 6, "b" : "7FFF96996000", "vmaddr" : "7FFF8AACC000", "buildId" : "819BEA3CDF113E3DA1A15A51C5BF1961" }, { "path" : "/usr/lib/system/libcorecrypto.dylib", "machType" : 6, "b" : "7FFF9699F000", "vmaddr" : "7FFF8AAD5000", "buildId" : "65D7165E2E71335DA2D633F78E2DF0C1" }, { "path" : "/usr/lib/system/libdispatch.dylib", "machType" : 6, "b" : "7FFF96A23000", "vmaddr" : "7FFF8AB59000", "buildId" : "6582BAD6ED273B30B62090B1C5A4AE3C" }, { "path" : "/usr/lib/system/libdyld.dylib", "machType" : 6, "b" : "7FFF96A55000", "vmaddr" : "7FFF8AB8B000", "buildId" : "83A214CDAAE53ECD85ACB5E44FA4F37D" }, { "path" : "/usr/lib/system/libkeymgr.dylib", "machType" : 6, "b" : "7FFF96A5B000", "vmaddr" : "7FFF8AB91000", "buildId" : "7AA011A9DC213488BF733B5B14D1FDD6" }, { "path" : "/usr/lib/system/liblaunch.dylib", "machType" : 6, "b" : "7FFF96A69000", "vmaddr" : "7FFF8AB9F000", "buildId" : "B856ABD2896E3DE0B2C8146A6AF8E2A7" }, { "path" : "/usr/lib/system/libmacho.dylib", "machType" : 6, "b" : "7FFF96A6A000", "vmaddr" : "7FFF8ABA0000", "buildId" : "17D5D855F6C33B04B680E9BF02EF8AED" }, { "path" : "/usr/lib/system/libquarantine.dylib", "machType" : 6, "b" : "7FFF96A70000", "vmaddr" : "7FFF8ABA6000", "buildId" : "12448CC2378E35F3BE339DC395A5B970" }, { "path" : "/usr/lib/system/libremovefile.dylib", "machType" : 6, "b" : "7FFF96A73000", "vmaddr" : "7FFF8ABA9000", "buildId" : "38D4CB9C10CD30D38B7BA515EC75FE85" }, { "path" : "/usr/lib/system/libsystem_asl.dylib", "machType" : 6, "b" : "7FFF96A75000", "vmaddr" : "7FFF8ABAB000", "buildId" : "096E42283B7C30A68B13EC909A64499A" }, { "path" : "/usr/lib/system/libsystem_blocks.dylib", "machType" : 6, "b" : "7FFF96A8E000", "vmaddr" : "7FFF8ABC4000", "buildId" : "10DC540473AB35B3A277A8AFECB476EB" }, { "path" : "/usr/lib/system/libsystem_c.dylib", "machType" : 6, "b" : "7FFF96A8F000", "vmaddr" : "7FFF8ABC5000", "buildId" : "E5AE52447D0C36AC8BB6C7AE7EA52A4B" }, { "path" : "/usr/lib/system/libsystem_configuration.dylib", "machType" : 6, "b" : "7FFF96B1D000", "vmaddr" : "7FFF8AC53000", "buildId" : "BECC01A2CA8D31E6BCDFD452965FA976" }, { "path" : "/usr/lib/system/libsystem_coreservices.dylib", "machType" : 6, "b" : "7FFF96B21000", "vmaddr" : "7FFF8AC57000", "buildId" : "7D26DE79B424345085E1F7FAB32714AB" }, { "path" : "/usr/lib/system/libsystem_coretls.dylib", "machType" : 6, "b" : "7FFF96B25000", "vmaddr" : "7FFF8AC5B000", "buildId" : "EC6FCF07DCFB3A039CC96DD3709974C6" }, { "path" : "/usr/lib/system/libsystem_dnssd.dylib", "machType" : 6, "b" : "7FFF96B3E000", "vmaddr" : "7FFF8AC74000", "buildId" : "CC9602150B1B3822A13A3DDE96FA796F" }, { "path" : "/usr/lib/system/libsystem_info.dylib", "machType" : 6, "b" : "7FFF96B45000", "vmaddr" : "7FFF8AC7B000", "buildId" : "611DB84CBF703F928702B9F28A900920" }, { "path" : "/usr/lib/system/libsystem_kernel.dylib", "machType" : 6, "b" : "7FFF96B6F000", "vmaddr" : "7FFF8ACA5000", "buildId" : "5F3C87FDA59C390AB0F026C831200FBD" }, { "path" : "/usr/lib/system/libsystem_m.dylib", "machType" : 6, "b" : "7FFF96B92000", "vmaddr" : "7FFF8ACC8000", "buildId" : "86D499B5BBDC3D3B8A4E97AE8E6672A4" }, { "path" : "/usr/lib/system/libsystem_malloc.dylib", "machType" : 6, "b" : "7FFF96BDA000", "vmaddr" : "7FFF8AD10000", "buildId" : "A3D15F1799A633678C7E4280E8619C95" }, { "path" : "/usr/lib/system/libsystem_network.dylib", "machType" : 6, "b" : "7FFF96BF9000", "vmaddr" : "7FFF8AD2F000", "buildId" : "369D022156CA3C3E9EDE94B41CAE77B7" }, { "path" : "/usr/lib/system/libsystem_networkextension.dylib", "machType" : 6, "b" : "7FFF96C53000", "vmaddr" : "7FFF8AD89000", "buildId" : "B021F2B38A753633ABB0FC012B8E9B0C" }, { "path" : "/usr/lib/system/libsystem_notify.dylib", "machType" : 6, "b" : "7FFF96C5D000", "vmaddr" : "7FFF8AD93000", "buildId" : "B8160190A0693B3ABDF62AA408221FAE" }, { "path" : "/usr/lib/system/libsystem_platform.dylib", "machType" : 6, "b" : "7FFF96C67000", "vmaddr" : "7FFF8AD9D000", "buildId" : "897462FDB318321BA554E61982630F7E" }, { "path" : "/usr/lib/system/libsystem_pthread.dylib", "machType" : 6, "b" : "7FFF96C70000", "vmaddr" : "7FFF8ADA6000", "buildId" : "B8FB5E20329539E2B5EBB464D1D4B104" }, { "path" : "/usr/lib/system/libsystem_sandbox.dylib", "machType" : 6, "b" : "7FFF96C7B000", "vmaddr" : "7FFF8ADB1000", "buildId" : "19320A422E3B361BBBDA2F5F2E87B100" }, { "path" : "/usr/lib/system/libsystem_secinit.dylib", "machType" : 6, "b" : "7FFF96C7F000", "vmaddr" : "7FFF8ADB5000", "buildId" : "F78B847B35653E4B98A6F7AD40392E2D" }, { "path" : "/usr/lib/system/libsystem_symptoms.dylib", "machType" : 6, "b" : "7FFF96C81000", "vmaddr" : "7FFF8ADB7000", "buildId" : "3390E07CC1CE348FADBD2C5440B45EAA" }, { "path" : "/usr/lib/system/libsystem_trace.dylib", "machType" : 6, "b" : "7FFF96C89000", "vmaddr" : "7FFF8ADBF000", "buildId" : "AC63A7FE50D93A3096E6F6B7FF16E465" }, { "path" : "/usr/lib/system/libunwind.dylib", "machType" : 6, "b" : "7FFF96C9D000", "vmaddr" : "7FFF8ADD3000", "buildId" : "3D50D8A8C460334DA5192DA841102C6B" }, { "path" : "/usr/lib/system/libxpc.dylib", "machType" : 6, "b" : "7FFF96CA3000", "vmaddr" : "7FFF8ADD9000", "buildId" : "BF896DF0D8E931A8A4B301120BFEEE52" }, { "path" : "/usr/lib/libobjc.A.dylib", "machType" : 6, "b" : "7FFF9615F000", "vmaddr" : "7FFF8A295000", "buildId" : "70614861034032E285EDFE65759CDFFA" }, { "path" : "/usr/lib/libc++abi.dylib", "machType" : 6, "b" : "7FFF95641000", "vmaddr" : "7FFF89777000", "buildId" : "BC271AD3831B362A9DA7E8C51F285FE4" }, { "path" : "/usr/lib/libDiagnosticMessagesClient.dylib", "machType" : 6, "b" : "7FFF95271000", "vmaddr" : "7FFF893A7000", "buildId" : "84A04D240E603810A8C090A65E2DF61A" }, { "path" : "/usr/lib/libicucore.A.dylib", "machType" : 6, "b" : "7FFF95BAB000", "vmaddr" : "7FFF89CE1000", "buildId" : "CCD2ED243071383B925D8D763BB12A6F" }, { "path" : "/usr/lib/libz.1.dylib", "machType" : 6, "b" : "7FFF9695E000", "vmaddr" : "7FFF8AA94000", "buildId" : "46E3FFA24328327A8D34A03E20BFFB8E" }, { "path" : "/usr/lib/libcoretls.dylib", "machType" : 6, "b" : "7FFF95693000", "vmaddr" : "7FFF897C9000", "buildId" : "64B1001E10F63542A3B2C4B49F51817F" }, { "path" : "/usr/lib/libcoretls_cfhelpers.dylib", "machType" : 6, "b" : "7FFF95694000", "vmaddr" : "7FFF897CA000", "buildId" : "1A10303E5EB03C7C9165021FCDFD934D" }, { "path" : "/usr/lib/libOpenScriptingUtil.dylib", "machType" : 6, "b" : "7FFF954AA000", "vmaddr" : "7FFF895E0000", "buildId" : "0F1BA40797D136F6882DA355EAAD5E00" }, { "path" : "/usr/lib/libauto.dylib", "machType" : 6, "b" : "7FFF955C9000", "vmaddr" : "7FFF896FF000", "buildId" : "34388D0BC5393C1B94082BC152162E43" }, { "path" : "/usr/lib/libbsm.0.dylib", "machType" : 6, "b" : "7FFF955CA000", "vmaddr" : "7FFF89700000", "buildId" : "20084796B04D3B35A003EA11459557A9" }, { "path" : "/usr/lib/libpam.2.dylib", "machType" : 6, "b" : "7FFF96534000", "vmaddr" : "7FFF8A66A000", "buildId" : "71EB0D88DE843C8DA2C558AA282BC5BC" }, { "path" : "/usr/lib/libsqlite3.dylib", "machType" : 6, "b" : "7FFF965F3000", "vmaddr" : "7FFF8A729000", "buildId" : "1ECF7DF77A073B4BA63BF4EFF6BC7ACF" }, { "path" : "/usr/lib/libxar.1.dylib", "machType" : 6, "b" : "7FFF96836000", "vmaddr" : "7FFF8A96C000", "buildId" : "69547C64E811326FBBED490C6361BDCB" }, { "path" : "/System/Library/Frameworks/IOKit.framework/Versions/A/IOKit", "machType" : 6, "b" : "7FFF83222000", "vmaddr" : "7FFF77358000", "buildId" : "7CE4C98B107C3AAAB49AF2ACFCBBF526" }, { "path" : "/usr/lib/libbz2.1.0.dylib", "machType" : 6, "b" : "7FFF955DB000", "vmaddr" : "7FFF89711000", "buildId" : "ADFA329ADCE7356D8F09A3168DFC6610" }, { "path" : "/usr/lib/libxml2.2.dylib", "machType" : 6, "b" : "7FFF96844000", "vmaddr" : "7FFF8A97A000", "buildId" : "75135C3D47B13217AC2BB566E2E1A4A3" }, { "path" : "/usr/lib/liblzma.5.dylib", "machType" : 6, "b" : "7FFF95DD8000", "vmaddr" : "7FFF89F0E000", "buildId" : "44BD027999DD36B58A6EC11432E2098D" }, { "path" : "/usr/lib/libenergytrace.dylib", "machType" : 6, "b" : "7FFF95AA2000", "vmaddr" : "7FFF89BD8000", "buildId" : "A1B040A2797730979ADF34FF181EB970" }, { "path" : "/usr/lib/system/libkxld.dylib", "machType" : 6, "b" : "7FFF96A5C000", "vmaddr" : "7FFF8AB92000", "buildId" : "60E25246FA2F36D9A5EAAD2E8607F847" }, { "path" : "/System/Library/CoreServices/Encodings/libSimplifiedChineseConverter.dylib", "machType" : 6, "b" : "10C943000", "vmaddr" : "0", "buildId" : "9DF419B190493FB1B6BB85267B8E3B06" } ] }}
 mongod(_ZN5mongo15printStackTraceERNSt3__113basic_ostreamIcNS0_11char_traitsIcEEEE+0x39) [0x10a52ba89]
 mongod(_ZN5mongo12_GLOBAL__N_110abruptQuitEi+0xBD) [0x10a52b36d]
 libsystem_platform.dylib(_sigtramp+0x1A) [0x7fff96c69b3a]
 libsystem_c.dylib(_C_time_locale+0x0) [0x7fff9f9546b0]
 libsystem_c.dylib(abort+0x81) [0x7fff96aee420]
 mongod(_ZN5mongo25fassertFailedWithLocationEiPKcj+0x24B) [0x10a521d9b]
 mongod(_ZN5mongo12_GLOBAL__N_116mdb_handle_errorEP18__wt_event_handlerP12__wt_sessioniPKc+0x14B) [0x108efe03b]
 mongod(__eventv+0x58C) [0x10900a31c]
 mongod(__wt_err+0x8B) [0x109009d63]
 mongod(__wt_panic+0x3C) [0x10900aae6]
 mongod(__log_server+0x609) [0x108f63699]
 libsystem_pthread.dylib(_pthread_body+0xB4) [0x7fff96c7393b]
 libsystem_pthread.dylib(_pthread_body+0x0) [0x7fff96c73887]
 libsystem_pthread.dylib(thread_start+0xD) [0x7fff96c7308d]
-----  END BACKTRACE  -----
2018-08-02T17:30:54.469+0800 I CONTROL  [initandlisten] MongoDB starting : pid=68084 port=27017 dbpath=/Users/brent_shu/Documents/mongoData/db 64-bit host=IntSig-PC0493.local
2018-08-02T17:30:54.470+0800 I CONTROL  [initandlisten] db version v3.6.4
2018-08-02T17:30:54.470+0800 I CONTROL  [initandlisten] git version: d0181a711f7e7f39e60b5aeb1dc7097bf6ae5856
2018-08-02T17:30:54.470+0800 I CONTROL  [initandlisten] OpenSSL version: OpenSSL 1.0.2o  27 Mar 2018
2018-08-02T17:30:54.470+0800 I CONTROL  [initandlisten] allocator: system
2018-08-02T17:30:54.470+0800 I CONTROL  [initandlisten] modules: none
2018-08-02T17:30:54.470+0800 I CONTROL  [initandlisten] build environment:
2018-08-02T17:30:54.470+0800 I CONTROL  [initandlisten]     distarch: x86_64
2018-08-02T17:30:54.470+0800 I CONTROL  [initandlisten]     target_arch: x86_64
2018-08-02T17:30:54.470+0800 I CONTROL  [initandlisten] options: { storage: { dbPath: "/Users/brent_shu/Documents/mongoData/db" } }
2018-08-02T17:30:54.471+0800 I STORAGE  [initandlisten] wiredtiger_open config: create,cache_size=3584M,session_max=20000,eviction=(threads_min=4,threads_max=4),config_base=false,statistics=(fast),cache_cursors=false,log=(enabled=true,archive=true,path=journal,compressor=snappy),file_manager=(close_idle_time=100000),statistics_log=(wait=0),verbose=(recovery_progress),
2018-08-02T17:30:55.541+0800 I STORAGE  [initandlisten] WiredTiger message [1533202255:541313][68084:0x7fff9f9733c0], txn-recover: Set global recovery timestamp: 0
2018-08-02T17:30:55.916+0800 I CONTROL  [initandlisten] 
2018-08-02T17:30:55.916+0800 I CONTROL  [initandlisten] ** WARNING: Access control is not enabled for the database.
2018-08-02T17:30:55.916+0800 I CONTROL  [initandlisten] **          Read and write access to data and configuration is unrestricted.
2018-08-02T17:30:55.916+0800 I CONTROL  [initandlisten] 
2018-08-02T17:30:55.916+0800 I CONTROL  [initandlisten] ** WARNING: This server is bound to localhost.
2018-08-02T17:30:55.916+0800 I CONTROL  [initandlisten] **          Remote systems will be unable to connect to this server. 
2018-08-02T17:30:55.916+0800 I CONTROL  [initandlisten] **          Start the server with --bind_ip <address> to specify which IP 
2018-08-02T17:30:55.916+0800 I CONTROL  [initandlisten] **          addresses it should serve responses from, or with --bind_ip_all to
2018-08-02T17:30:55.916+0800 I CONTROL  [initandlisten] **          bind to all interfaces. If this behavior is desired, start the
2018-08-02T17:30:55.916+0800 I CONTROL  [initandlisten] **          server with --bind_ip 127.0.0.1 to disable this warning.
2018-08-02T17:30:55.916+0800 I CONTROL  [initandlisten] 
2018-08-02T17:30:55.916+0800 I CONTROL  [initandlisten] 
2018-08-02T17:30:55.916+0800 I CONTROL  [initandlisten] ** WARNING: soft rlimits too low. Number of files is 256, should be at least 1000
2018-08-02T17:30:55.921+0800 I STORAGE  [initandlisten] createCollection: admin.system.version with provided UUID: 060bf45a-73fb-4570-bc5f-90095d861c9d
2018-08-02T17:30:56.160+0800 I COMMAND  [initandlisten] setting featureCompatibilityVersion to 3.6
2018-08-02T17:30:56.162+0800 I STORAGE  [initandlisten] createCollection: local.startup_log with generated UUID: b83e112d-d57e-4f5f-814c-b5ef18c69218
2018-08-02T17:30:56.389+0800 I FTDC     [initandlisten] Initializing full-time diagnostic data capture with directory '/Users/brent_shu/Documents/mongoData/db/diagnostic.data'
2018-08-02T17:30:56.389+0800 I NETWORK  [initandlisten] waiting for connections on port 27017
2018-08-02T17:31:22.513+0800 I NETWORK  [listener] connection accepted from 127.0.0.1:62634 #1 (1 connection now open)
2018-08-02T17:31:22.520+0800 I NETWORK  [conn1] received client metadata from 127.0.0.1:62634 conn1: { driver: { name: "mgo", version: "globalsign" }, os: { type: "darwin", architecture: "amd64" } }
2018-08-02T17:35:39.324+0800 I NETWORK  [conn1] end connection 127.0.0.1:62634 (0 connections now open)
2018-08-02T17:35:56.390+0800 I STORAGE  [thread2] createCollection: config.system.sessions with generated UUID: 95480d13-b07c-49c2-9c31-b842af42709d
2018-08-02T17:35:56.503+0800 I INDEX    [thread2] build index on: config.system.sessions properties: { v: 2, key: { lastUse: 1 }, name: "lsidTTLIndex", ns: "config.system.sessions", expireAfterSeconds: 1800 }
2018-08-02T17:35:56.503+0800 I INDEX    [thread2] 	 building index using bulk method; build may temporarily use up to 500 megabytes of RAM
2018-08-02T17:35:56.517+0800 I INDEX    [thread2] build index done.  scanned 0 total records. 0 secs
2018-08-02T17:35:56.517+0800 I COMMAND  [thread2] command config.$cmd command: createIndexes { createIndexes: "system.sessions", indexes: [ { key: { lastUse: 1 }, name: "lsidTTLIndex", expireAfterSeconds: 1800 } ], $db: "config" } numYields:0 reslen:98 locks:{ Global: { acquireCount: { r: 1, w: 1 } }, Database: { acquireCount: { W: 1 } }, Collection: { acquireCount: { w: 1 } } } protocol:op_msg 126ms
2018-08-03T06:54:54.011+0800 I COMMAND  [ftdc] serverStatus was very slow: { after basic: 0, after asserts: 0, after backgroundFlushing: 0, after connections: 0, after dur: 0, after extra_info: 0, after globalLock: 0, after locks: 0, after logicalSessionRecordCache: 0, after network: 0, after opLatencies: 0, after opcounters: 0, after opcountersRepl: 0, after repl: 0, after security: 0, after storageEngine: 0, after transactions: 0, after wiredTiger: 900007, at end: 900007 }
